Runda: 1
Gracz1 pole: Wyspa gotowka: 1000
Gracz2 pole: Aporina gotowka: 780
Albina pole: Akwarium *** czekanie: 3 *** 
Runda: 2
Gracz1 pole: Akwarium *** czekanie: 3 *** 
Gracz2 pole: Menella gotowka: 500
Albina pole: Akwarium *** czekanie: 2 *** 
Runda: 3
Gracz1 pole: Akwarium *** czekanie: 2 *** 
Gracz2 pole: Pennatula gotowka: 85
Albina pole: Akwarium *** czekanie: 1 *** 
Runda: 4
Gracz1 pole: Akwarium *** czekanie: 1 *** 
Gracz2 pole: Start gotowka: 135
Albina pole: Laguna gotowka: 1015
Runda: 5
Gracz1 pole: Statek gotowka: 735
Gracz2 pole: Wyspa gotowka: 215
Albina pole: Pennatula gotowka: 935
Runda: 6
Gracz1 pole: Start gotowka: 785
Gracz2 pole: Akwarium *** czekanie: 3 *** 
Albina pole: Anemonia gotowka: 985
Runda: 7
Gracz1 pole: Akwarium *** czekanie: 3 *** 
Gracz2 pole: Akwarium *** czekanie: 2 *** 
Albina pole: Aporina gotowka: 941
Runda: 8
Gracz1 pole: Akwarium *** czekanie: 2 *** 
Gracz2 pole: Akwarium *** czekanie: 1 *** 
Albina pole: Menella gotowka: 885
Runda: 9
Gracz1 pole: Akwarium *** czekanie: 1 *** 
Gracz2 pole: Statek gotowka: 200
Albina pole: Statek gotowka: 770
Runda: 10
Gracz1 pole: Laguna gotowka: 1030
Gracz2 pole: Start gotowka: 330
Albina pole: Pennatula gotowka: 690
Runda: 11
Gracz1 pole: Pennatula gotowka: 950
Gracz2 pole: Akwarium *** czekanie: 3 *** 
Albina pole: Start gotowka: 740
Runda: 12
Gracz1 pole: Anemonia gotowka: 840
Gracz2 pole: Akwarium *** czekanie: 2 *** 
Albina pole: Akwarium *** czekanie: 3 *** 
Runda: 13
Gracz1 pole: Aporina gotowka: 796
Gracz2 pole: Akwarium *** czekanie: 1 *** 
Albina pole: Akwarium *** czekanie: 2 *** 
Runda: 14
Gracz1 pole: Menella gotowka: 840
Gracz2 pole: Statek gotowka: 395
Albina pole: Akwarium *** czekanie: 1 *** 
Runda: 15
Gracz1 pole: Statek gotowka: 925
Gracz2 pole: Rekin gotowka: 215
Albina pole: Statek gotowka: 625
Runda: 16
Gracz1 pole: Pennatula gotowka: 845
Gracz2 pole: Wyspa gotowka: 345
Albina pole: Start gotowka: 675
Runda: 17
Gracz1 pole: Start gotowka: 895
Gracz2 pole: Grota gotowka: 45
Albina pole: Akwarium *** czekanie: 3 *** 
Runda: 18
Gracz1 pole: Wyspa gotowka: 925
Gracz2 *** bankrut *** 
Albina pole: Akwarium *** czekanie: 2 *** 
Runda: 19
Gracz1 pole: Menella gotowka: 645
Gracz2 *** bankrut *** 
Albina pole: Akwarium *** czekanie: 1 *** 
Runda: 20
Gracz1 pole: Statek gotowka: 630
Gracz2 *** bankrut *** 
Albina pole: Laguna gotowka: 750
